[debug] [2025-12-23T03:42:49.929Z] ----------------------------------------------------------------------
[debug] [2025-12-23T03:42:49.933Z] Command:       C:\Program Files\nodejs\node.exe C:\Users\hamda\AppData\Roaming\npm\node_modules\firebase-tools\lib\bin\firebase.js deploy --only functions
[debug] [2025-12-23T03:42:49.933Z] CLI Version:   15.0.0
[debug] [2025-12-23T03:42:49.933Z] Platform:      win32
[debug] [2025-12-23T03:42:49.933Z] Node Version:  v24.11.1
[debug] [2025-12-23T03:42:49.934Z] Time:          Tue Dec 23 2025 05:42:49 GMT+0200 (توقيت شرق أوروبا الرسمي)
[debug] [2025-12-23T03:42:49.934Z] ----------------------------------------------------------------------
[debug] 
[debug] [2025-12-23T03:42:52.072Z] > command requires scopes: ["email","openid","https://www.googleapis.com/auth/cloudplatformprojects.readonly","https://www.googleapis.com/auth/firebase","https://www.googleapis.com/auth/cloud-platform"]
[debug] [2025-12-23T03:42:52.073Z] > authorizing via signed-in user (globulinternet@gmail.com)
[debug] [2025-12-23T03:42:52.073Z] [iam] checking project fire-new-globul for permissions ["cloudfunctions.functions.create","cloudfunctions.functions.delete","cloudfunctions.functions.get","cloudfunctions.functions.list","cloudfunctions.functions.update","cloudfunctions.operations.get","firebase.projects.get"]
[debug] [2025-12-23T03:42:52.074Z] Checked if tokens are valid: true, expires at: 1766464390102
[debug] [2025-12-23T03:42:52.074Z] Checked if tokens are valid: true, expires at: 1766464390102
[debug] [2025-12-23T03:42:52.075Z] >>> [apiv2][query] POST https://cloudresourcemanager.googleapis.com/v1/projects/fire-new-globul:testIamPermissions [none]
[debug] [2025-12-23T03:42:52.076Z] >>> [apiv2][(partial)header] POST https://cloudresourcemanager.googleapis.com/v1/projects/fire-new-globul:testIamPermissions x-goog-quota-user=projects/fire-new-globul
[debug] [2025-12-23T03:42:52.076Z] >>> [apiv2][body] POST https://cloudresourcemanager.googleapis.com/v1/projects/fire-new-globul:testIamPermissions {"permissions":["cloudfunctions.functions.create","cloudfunctions.functions.delete","cloudfunctions.functions.get","cloudfunctions.functions.list","cloudfunctions.functions.update","cloudfunctions.operations.get","firebase.projects.get"]}
[debug] [2025-12-23T03:42:53.039Z] <<< [apiv2][status] POST https://cloudresourcemanager.googleapis.com/v1/projects/fire-new-globul:testIamPermissions 200
[debug] [2025-12-23T03:42:53.039Z] <<< [apiv2][body] POST https://cloudresourcemanager.googleapis.com/v1/projects/fire-new-globul:testIamPermissions {"permissions":["cloudfunctions.functions.create","cloudfunctions.functions.delete","cloudfunctions.functions.get","cloudfunctions.functions.list","cloudfunctions.functions.update","cloudfunctions.operations.get","firebase.projects.get"]}
[debug] [2025-12-23T03:42:53.040Z] Checked if tokens are valid: true, expires at: 1766464390102
[debug] [2025-12-23T03:42:53.040Z] Checked if tokens are valid: true, expires at: 1766464390102
[debug] [2025-12-23T03:42:53.040Z] >>> [apiv2][query] POST https://iam.googleapis.com/v1/projects/fire-new-globul/serviceAccounts/fire-new-globul@appspot.gserviceaccount.com:testIamPermissions [none]
[debug] [2025-12-23T03:42:53.040Z] >>> [apiv2][body] POST https://iam.googleapis.com/v1/projects/fire-new-globul/serviceAccounts/fire-new-globul@appspot.gserviceaccount.com:testIamPermissions {"permissions":["iam.serviceAccounts.actAs"]}
[debug] [2025-12-23T03:42:54.012Z] <<< [apiv2][status] POST https://iam.googleapis.com/v1/projects/fire-new-globul/serviceAccounts/fire-new-globul@appspot.gserviceaccount.com:testIamPermissions 200
[debug] [2025-12-23T03:42:54.012Z] <<< [apiv2][body] POST https://iam.googleapis.com/v1/projects/fire-new-globul/serviceAccounts/fire-new-globul@appspot.gserviceaccount.com:testIamPermissions {"permissions":["iam.serviceAccounts.actAs"]}
[info] 
[info] === Deploying to 'fire-new-globul'...
[info] 
[info] i  deploying functions 
[info] Running command: npm --prefix "$RESOURCE_DIR" run build
